process p0 1 
process p1 1 
process p2 1 
process p3 2 
process p4 1 
process p5 1 
process p6 1 
process p7 1 
process p8 1 
process p9 2 
process p10 1 
process p11 1 
process p12 1 
process p13 1 
process p14 2 
process p15 1 
process p16 1 
process p17 1 
process p18 1 
process p19 1 
process p20 1 
process p21 1 
process p22 1 
process p23 1 
process p24 1 
process p25 2 
process p26 1 
process p27 1 
process p28 1 
process p29 1 
process p30 2 
process p31 2 
process p32 2 
process p33 1 
process p34 1 
process p35 1 
process p36 1 
process p37 1 
process p38 1 
process p39 1 
process p40 1 
process p41 1 
process p42 2 
process p43 1 
process p44 2 
process p45 2 
process p46 1 
process p47 1 
process p48 1 
process p49 1 
process p50 1 
process p51 1 
process p52 2 
process p53 2 
process p54 1 
process p55 1 
process p56 1 
process p57 1 
process p58 1 
process p59 1 
process p60 1 
process p61 1 
process p62 1 
process p63 1 
process p64 1 
process p65 2 
process p66 1 
process p67 1 
process p68 2 
process p69 1 
process p70 1 
process p71 2 
process p72 1 
process p73 1 
process p74 1 
process p75 1 
process p76 1 
process p77 1 
process p78 1 
process p79 1 
process p80 1 
process p81 1 
process p82 1 
process p83 1 
process p84 1 
process p85 1 
process p86 1 
process p87 1 
process p88 1 
process p89 1 
process p90 1 
process p91 1 
process p92 1 
process p93 1 
process p94 1 
process p95 1 
process p96 1 
process p97 2 
process p98 2 
process p99 1 
process p100 1 
process p101 1 
process p102 1 
process p103 2 
process p104 1 
process p105 1 
process p106 1 
process p107 1 
process p108 1 
process p109 2 
process p110 2 
process p111 2 
process p112 2 
process p113 2 
process p114 2 
process p115 2 
process p116 1 
process p117 2 
process p118 1 
(*Nous sommes dans le cas 9 Default*)

process delta_p0_p1 1 
process p0_p1 3 

p0 1 -> p0_p1 0 2 @10.~50 
p0 1 -> p0_p1 1 3 @10.~50 
p0 0 -> p0_p1 2 0 @10.~50 
p0 0 -> p0_p1 3 1 @10.~50 
p1 1 -> p0_p1 0 1 @10.~50 
p1 1 -> p0_p1 2 3 @10.~50 
p1 0 -> p0_p1 1 0 @10.~50 
p1 0 -> p0_p1 3 2 @10.~50  

p0 1 -> delta_p0_p1 0 1 @10.~50 
p0_p1 1 -> delta_p0_p1 1 0 @10.~50 
delta_p0_p1 1 -> p0 1  0 @10.~50 
delta_p0_p1 1 -> p1 0 1 @10.~50 


(*Nous sommes dans le cas 3 Default*)

p44 1 -> p2 0 1 @10.0~50 


p44 0 -> p2 1 0 @10.0~50 


(*Nous sommes dans le cas 11 *)

p2 1 -> p3 1 2 @10.~50 
p2 0 -> p3 2 1 @10.~50 
(*Nous sommes dans le cas 1*)

process delta_p3_p22_p4 1 
process p3_p22 3 
process p22_p4 3 

p3 2 -> p3_p22 0 2 @10.~50 
p3 2 -> p3_p22 1 3 @10.~50 
p3 1 -> p3_p22 2 0 @10.~50 
p3 1 -> p3_p22 3 1 @10.~50 
p22 1 -> p3_p22 0 1 @10.~50 
p22 1 -> p3_p22 2 3 @10.~50 
p22 0 -> p3_p22 1 0 @10.~50 
p22 0 -> p3_p22 3 2 @10.~50  

p22 1 -> p22_p4 0 2 @10.~50 
p22 1 -> p22_p4 1 3 @10.~50 
p22 0 -> p22_p4 2 0 @10.~50 
p22 0 -> p22_p4 3 1 @10.~50 
p4 1 -> p22_p4 0 1 @10.~50 
p4 1 -> p22_p4 2 3 @10.~50 
p4 0 -> p22_p4 1 0 @10.~50 
p4 0 -> p22_p4 3 2 @10.~50 

p3_p22 3 -> delta_p3_p22_p4 0 1 @10.~50 
p22_p4 1 -> delta_p3_p22_p4 1 0 @10.~50 
delta_p3_p22_p4 1 -> p22 1 0 @10.~50 
delta_p3_p22_p4 1 -> p4 0 1 @10.~50 


(*Nous sommes dans le cas 1*)

process delta_p3_p67_p66 1 
process p3_p67 3 
process p67_p66 3 

p3 2 -> p3_p67 0 2 @10.~50 
p3 2 -> p3_p67 1 3 @10.~50 
p3 1 -> p3_p67 2 0 @10.~50 
p3 1 -> p3_p67 3 1 @10.~50 
p67 1 -> p3_p67 0 1 @10.~50 
p67 1 -> p3_p67 2 3 @10.~50 
p67 0 -> p3_p67 1 0 @10.~50 
p67 0 -> p3_p67 3 2 @10.~50  

p67 1 -> p67_p66 0 2 @10.~50 
p67 1 -> p67_p66 1 3 @10.~50 
p67 0 -> p67_p66 2 0 @10.~50 
p67 0 -> p67_p66 3 1 @10.~50 
p66 1 -> p67_p66 0 1 @10.~50 
p66 1 -> p67_p66 2 3 @10.~50 
p66 0 -> p67_p66 1 0 @10.~50 
p66 0 -> p67_p66 3 2 @10.~50 

p3_p67 3 -> delta_p3_p67_p66 0 1 @10.~50 
p67_p66 1 -> delta_p3_p67_p66 1 0 @10.~50 
delta_p3_p67_p66 1 -> p67 1 0 @10.~50 
delta_p3_p67_p66 1 -> p66 0 1 @10.~50 


(*Nous sommes dans le cas 3 Default*)

p4 1 -> p66 0 1 @10.0~50 


p4 0 -> p66 1 0 @10.0~50 


(*Nous sommes dans le cas 3 Default*)

p4 1 -> p6 0 1 @10.0~50 


p4 0 -> p6 1 0 @10.0~50 


(*Nous sommes dans le cas 3 Default*)

p4 1 -> p5 0 1 @10.0~50 


p4 0 -> p5 1 0 @10.0~50 


(*Nous sommes dans le cas 3 Default*)

p4 1 -> p24 0 1 @10.0~50 


p4 0 -> p24 1 0 @10.0~50 


(*Nous sommes dans le cas 6 *)

p4 1 -> p90 0 1 @10.~50 
p4 0 -> p90 1 0 @10.~50 
p54 0 -> p90 1 0 @10.~50 
p54 1 -> p90 0 1 @10.~50 


(*Nous sommes dans le cas 3 Default*)

p4 1 -> p90 0 1 @10.0~50 


p4 0 -> p90 1 0 @10.0~50 


(*Nous sommes dans le cas 3 Default*)

p57 1 -> p4 0 1 @10.0~50 


p57 0 -> p4 1 0 @10.0~50 


(*Nous sommes dans le cas 3 Default*)

p58 1 -> p4 0 1 @10.0~50 


p58 0 -> p4 1 0 @10.0~50 


(*Nous sommes dans le cas 9 Default*)

process delta_p4_p22 1 
process p4_p22 3 

p4 1 -> p4_p22 0 2 @10.~50 
p4 1 -> p4_p22 1 3 @10.~50 
p4 0 -> p4_p22 2 0 @10.~50 
p4 0 -> p4_p22 3 1 @10.~50 
p22 1 -> p4_p22 0 1 @10.~50 
p22 1 -> p4_p22 2 3 @10.~50 
p22 0 -> p4_p22 1 0 @10.~50 
p22 0 -> p4_p22 3 2 @10.~50  

p4 1 -> delta_p4_p22 0 1 @10.~50 
p4_p22 1 -> delta_p4_p22 1 0 @10.~50 
delta_p4_p22 1 -> p4 1  0 @10.~50 
delta_p4_p22 1 -> p22 0 1 @10.~50 


(*Nous sommes dans le cas 1*)

process delta_p21_p4_p22 1 
process p21_p4 3 
process p4_p22 3 

p21 1 -> p21_p4 0 2 @10.~50 
p21 1 -> p21_p4 1 3 @10.~50 
p21 0 -> p21_p4 2 0 @10.~50 
p21 0 -> p21_p4 3 1 @10.~50 
p4 1 -> p21_p4 0 1 @10.~50 
p4 1 -> p21_p4 2 3 @10.~50 
p4 0 -> p21_p4 1 0 @10.~50 
p4 0 -> p21_p4 3 2 @10.~50  

p4 1 -> p4_p22 0 2 @10.~50 
p4 1 -> p4_p22 1 3 @10.~50 
p4 0 -> p4_p22 2 0 @10.~50 
p4 0 -> p4_p22 3 1 @10.~50 
p22 1 -> p4_p22 0 1 @10.~50 
p22 1 -> p4_p22 2 3 @10.~50 
p22 0 -> p4_p22 1 0 @10.~50 
p22 0 -> p4_p22 3 2 @10.~50 

p21_p4 3 -> delta_p21_p4_p22 0 1 @10.~50 
p4_p22 1 -> delta_p21_p4_p22 1 0 @10.~50 
delta_p21_p4_p22 1 -> p4 1 0 @10.~50 
delta_p21_p4_p22 1 -> p22 0 1 @10.~50 


(*Nous sommes dans le cas 3 Default*)

p89 1 -> p5 0 1 @10.0~50 


p89 0 -> p5 1 0 @10.0~50 


(*Nous sommes dans le cas 1*)

process delta_p5_p107_p108 1 
process p5_p107 3 
process p107_p108 3 

p5 1 -> p5_p107 0 2 @10.~50 
p5 1 -> p5_p107 1 3 @10.~50 
p5 0 -> p5_p107 2 0 @10.~50 
p5 0 -> p5_p107 3 1 @10.~50 
p107 1 -> p5_p107 0 1 @10.~50 
p107 1 -> p5_p107 2 3 @10.~50 
p107 0 -> p5_p107 1 0 @10.~50 
p107 0 -> p5_p107 3 2 @10.~50  

p107 1 -> p107_p108 0 2 @10.~50 
p107 1 -> p107_p108 1 3 @10.~50 
p107 0 -> p107_p108 2 0 @10.~50 
p107 0 -> p107_p108 3 1 @10.~50 
p108 1 -> p107_p108 0 1 @10.~50 
p108 1 -> p107_p108 2 3 @10.~50 
p108 0 -> p107_p108 1 0 @10.~50 
p108 0 -> p107_p108 3 2 @10.~50 

p5_p107 3 -> delta_p5_p107_p108 0 1 @10.~50 
p107_p108 1 -> delta_p5_p107_p108 1 0 @10.~50 
delta_p5_p107_p108 1 -> p107 1 0 @10.~50 
delta_p5_p107_p108 1 -> p108 0 1 @10.~50 


(*Nous sommes dans le cas 3 Default*)

p5 1 -> p24 0 1 @10.0~50 


p5 0 -> p24 1 0 @10.0~50 


(*Nous sommes dans le cas 3 Default*)

p5 1 -> p7 0 1 @10.0~50 


p5 0 -> p7 1 0 @10.0~50 


(*Nous sommes dans le cas 3 Default*)

p7 1 -> p8 0 1 @10.0~50 


p7 0 -> p8 1 0 @10.0~50 


(*Nous sommes dans le cas 8 *)

p8 1 -> p9 0 1 @10.~50 
p9 1 -> p9 1 2 @10.~50 


p8 0 -> p9 2 1 @10.~50 
p8 0 -> p9 1 0 @10.~50 
(*Nous sommes dans le cas 9 Default*)

process delta_p9_p10 1 
process p9_p10 3 

p9 2 -> p9_p10 0 2 @10.~50 
p9 2 -> p9_p10 1 3 @10.~50 
p9 1 -> p9_p10 2 0 @10.~50 
p9 1 -> p9_p10 3 1 @10.~50 
p10 1 -> p9_p10 0 1 @10.~50 
p10 1 -> p9_p10 2 3 @10.~50 
p10 0 -> p9_p10 1 0 @10.~50 
p10 0 -> p9_p10 3 2 @10.~50  

p9 2 -> delta_p9_p10 0 1 @10.~50 
p9_p10 1 -> delta_p9_p10 1 0 @10.~50 
delta_p9_p10 1 -> p9 2  1 @10.~50 
delta_p9_p10 1 -> p10 0 1 @10.~50 


(*Nous sommes dans le cas 4 Default*)

p10 1 -> p11 1 0 @10.0~50 
p10 0 -> p11 0 1 @10.0~50 


(*Nous sommes dans le cas 3 Default*)

p11 1 -> p12 0 1 @10.0~50 


p11 0 -> p12 1 0 @10.0~50 


(*Nous sommes dans le cas 9 Default*)

process delta_p12_p13 1 
process p12_p13 3 

p12 1 -> p12_p13 0 2 @10.~50 
p12 1 -> p12_p13 1 3 @10.~50 
p12 0 -> p12_p13 2 0 @10.~50 
p12 0 -> p12_p13 3 1 @10.~50 
p13 1 -> p12_p13 0 1 @10.~50 
p13 1 -> p12_p13 2 3 @10.~50 
p13 0 -> p12_p13 1 0 @10.~50 
p13 0 -> p12_p13 3 2 @10.~50  

p12 1 -> delta_p12_p13 0 1 @10.~50 
p12_p13 1 -> delta_p12_p13 1 0 @10.~50 
delta_p12_p13 1 -> p12 1  0 @10.~50 
delta_p12_p13 1 -> p13 0 1 @10.~50 


(*Nous sommes dans le cas 8 *)

p13 1 -> p14 0 1 @10.~50 
p14 1 -> p14 1 2 @10.~50 


p13 0 -> p14 2 1 @10.~50 
p13 0 -> p14 1 0 @10.~50 
(*Nous sommes dans le cas 3 Default*)

p69 1 -> p13 0 1 @10.0~50 


p69 0 -> p13 1 0 @10.0~50 


(*Nous sommes dans le cas 3 Default*)

p94 1 -> p13 0 1 @10.0~50 


p94 0 -> p13 1 0 @10.0~50 


(*Nous sommes dans le cas 1*)

process delta_p13_p94_p95 1 
process p13_p94 3 
process p94_p95 3 

p13 1 -> p13_p94 0 2 @10.~50 
p13 1 -> p13_p94 1 3 @10.~50 
p13 0 -> p13_p94 2 0 @10.~50 
p13 0 -> p13_p94 3 1 @10.~50 
p94 1 -> p13_p94 0 1 @10.~50 
p94 1 -> p13_p94 2 3 @10.~50 
p94 0 -> p13_p94 1 0 @10.~50 
p94 0 -> p13_p94 3 2 @10.~50  

p94 1 -> p94_p95 0 2 @10.~50 
p94 1 -> p94_p95 1 3 @10.~50 
p94 0 -> p94_p95 2 0 @10.~50 
p94 0 -> p94_p95 3 1 @10.~50 
p95 1 -> p94_p95 0 1 @10.~50 
p95 1 -> p94_p95 2 3 @10.~50 
p95 0 -> p94_p95 1 0 @10.~50 
p95 0 -> p94_p95 3 2 @10.~50 

p13_p94 3 -> delta_p13_p94_p95 0 1 @10.~50 
p94_p95 1 -> delta_p13_p94_p95 1 0 @10.~50 
delta_p13_p94_p95 1 -> p94 1 0 @10.~50 
delta_p13_p94_p95 1 -> p95 0 1 @10.~50 


(*Nous sommes dans le cas 9 Default*)

process delta_p14_p16 1 
process p14_p16 3 

p14 2 -> p14_p16 0 2 @10.~50 
p14 2 -> p14_p16 1 3 @10.~50 
p14 1 -> p14_p16 2 0 @10.~50 
p14 1 -> p14_p16 3 1 @10.~50 
p16 1 -> p14_p16 0 1 @10.~50 
p16 1 -> p14_p16 2 3 @10.~50 
p16 0 -> p14_p16 1 0 @10.~50 
p16 0 -> p14_p16 3 2 @10.~50  

p14 2 -> delta_p14_p16 0 1 @10.~50 
p14_p16 1 -> delta_p14_p16 1 0 @10.~50 
delta_p14_p16 1 -> p14 2  1 @10.~50 
delta_p14_p16 1 -> p16 0 1 @10.~50 


(*Nous sommes dans le cas 3 Default*)

p15 1 -> p39 0 1 @10.0~50 


p15 0 -> p39 1 0 @10.0~50 


(*Nous sommes dans le cas 3 Default*)

p15 1 -> p17 0 1 @10.0~50 


p15 0 -> p17 1 0 @10.0~50 


(*Nous sommes dans le cas 5 *)

p69 1 -> p15 0 1 @10.~50 
p69 0 -> p15 1 0 @10.~50 
p57 1 -> p15 1 0 @10.~50 
p57 0 -> p15 0 1 @10.~50 


(*Nous sommes dans le cas 9 Default*)

process delta_p16_p15 1 
process p16_p15 3 

p16 1 -> p16_p15 0 2 @10.~50 
p16 1 -> p16_p15 1 3 @10.~50 
p16 0 -> p16_p15 2 0 @10.~50 
p16 0 -> p16_p15 3 1 @10.~50 
p15 1 -> p16_p15 0 1 @10.~50 
p15 1 -> p16_p15 2 3 @10.~50 
p15 0 -> p16_p15 1 0 @10.~50 
p15 0 -> p16_p15 3 2 @10.~50  

p16 1 -> delta_p16_p15 0 1 @10.~50 
p16_p15 1 -> delta_p16_p15 1 0 @10.~50 
delta_p16_p15 1 -> p16 1  0 @10.~50 
delta_p16_p15 1 -> p15 0 1 @10.~50 


(*Nous sommes dans le cas 9 Default*)

process delta_p15_p16 1 
process p15_p16 3 

p15 1 -> p15_p16 0 2 @10.~50 
p15 1 -> p15_p16 1 3 @10.~50 
p15 0 -> p15_p16 2 0 @10.~50 
p15 0 -> p15_p16 3 1 @10.~50 
p16 1 -> p15_p16 0 1 @10.~50 
p16 1 -> p15_p16 2 3 @10.~50 
p16 0 -> p15_p16 1 0 @10.~50 
p16 0 -> p15_p16 3 2 @10.~50  

p15 1 -> delta_p15_p16 0 1 @10.~50 
p15_p16 1 -> delta_p15_p16 1 0 @10.~50 
delta_p15_p16 1 -> p15 1  0 @10.~50 
delta_p15_p16 1 -> p16 0 1 @10.~50 


(*Nous sommes dans le cas 8 *)

p16 1 -> p68 0 1 @10.~50 
p68 1 -> p68 1 2 @10.~50 


p16 0 -> p68 2 1 @10.~50 
p16 0 -> p68 1 0 @10.~50 
(*Nous sommes dans le cas 3 Default*)

p17 1 -> p19 0 1 @10.0~50 


p17 0 -> p19 1 0 @10.0~50 


(*Nous sommes dans le cas 4 Default*)

p20 1 -> p17 1 0 @10.0~50 
p20 0 -> p17 0 1 @10.0~50 


(*Nous sommes dans le cas 3 Default*)

p40 1 -> p17 0 1 @10.0~50 


p40 0 -> p17 1 0 @10.0~50 


(*Nous sommes dans le cas 10 *)

process delta_p19_p73_p20 1 
process p19_p73_p20 7 

process p19_p73 3 

p19 1 -> p19_p73 0 2 @10.~50 
p19 1 -> p19_p73 1 3 @10.~50 
p19 0 -> p19_p73 2 0 @10.~50 
p19 0 -> p19_p73 3 1 @10.~50 
p73 1 -> p19_p73 0 1 @10.~50 
p73 1 -> p19_p73 2 3 @10.~50 
p73 0 -> p19_p73 1 0 @10.~50 
p73 0 -> p19_p73 3 2 @10.~50  

p19 1 -> p19_p73_p20 0 4 @10.~50 
p19 1 -> p19_p73_p20 1 5 @10.~50 
p19 1 -> p19_p73_p20 2 6 @10.~50 
p19 1 -> p19_p73_p20 3 7 @10.~50 
p19 0 -> p19_p73_p20 4 0 @10.~50 
p19 0 -> p19_p73_p20 5 1 @10.~50 
p19 0 -> p19_p73_p20 6 2 @10.~50 
p19 0 -> p19_p73_p20 7 3 @10.~50 
p73 1 -> p19_p73_p20 0 2 @10.~50 
p73 1 -> p19_p73_p20 1 3 @10.~50 
p73 1 -> p19_p73_p20 4 6 @10.~50 
p73 1 -> p19_p73_p20 5 7 @10.~50 
p73 0 -> p19_p73_p20 2 0 @10.~50 
p73 0 -> p19_p73_p20 3 1 @10.~50 
p73 0 -> p19_p73_p20 6 4 @10.~50 
p73 0 -> p19_p73_p20 7 5 @10.~50 
p20 1 -> p19_p73_p20 0 1 @10.~50 
p20 1 -> p19_p73_p20 2 3 @10.~50 
p20 1 -> p19_p73_p20 4 5 @10.~50 
p20 1 -> p19_p73_p20 6 7 @10.~50 
p20 0 -> p19_p73_p20 1 0 @10.~50 
p20 0 -> p19_p73_p20 3 2 @10.~50 
p20 0 -> p19_p73_p20 5 4 @10.~50 
p20 0 -> p19_p73_p20 7 6 @10.~50 

p19_p73 3 -> delta_p19_p73_p20 0 1 @10.~50 
p19_p73_p20 1 -> delta_p19_p73_p20 1 0 @10.~50 
delta_p19_p73_p20 1 -> p19 1 0 @10.~50 
delta_p19_p73_p20 1 -> p73 1 0 @10.~50 
delta_p19_p73_p20 1 -> p20 0 1 @10.~50 


delta_p19_p73_p20 0 -> p20 1 0 @10.~50 
(*Nous sommes dans le cas 4 Default*)

p20 1 -> p21 1 0 @10.0~50 
p20 0 -> p21 0 1 @10.0~50 


(*Nous sommes dans le cas 3 Default*)

p22 1 -> p23 0 1 @10.0~50 


p22 0 -> p23 1 0 @10.0~50 


(*Nous sommes dans le cas 1*)

process delta_p22_p57_p88 1 
process p22_p57 3 
process p57_p88 3 

p22 1 -> p22_p57 0 2 @10.~50 
p22 1 -> p22_p57 1 3 @10.~50 
p22 0 -> p22_p57 2 0 @10.~50 
p22 0 -> p22_p57 3 1 @10.~50 
p57 1 -> p22_p57 0 1 @10.~50 
p57 1 -> p22_p57 2 3 @10.~50 
p57 0 -> p22_p57 1 0 @10.~50 
p57 0 -> p22_p57 3 2 @10.~50  

p57 1 -> p57_p88 0 2 @10.~50 
p57 1 -> p57_p88 1 3 @10.~50 
p57 0 -> p57_p88 2 0 @10.~50 
p57 0 -> p57_p88 3 1 @10.~50 
p88 1 -> p57_p88 0 1 @10.~50 
p88 1 -> p57_p88 2 3 @10.~50 
p88 0 -> p57_p88 1 0 @10.~50 
p88 0 -> p57_p88 3 2 @10.~50 

p22_p57 3 -> delta_p22_p57_p88 0 1 @10.~50 
p57_p88 1 -> delta_p22_p57_p88 1 0 @10.~50 
delta_p22_p57_p88 1 -> p57 1 0 @10.~50 
delta_p22_p57_p88 1 -> p88 0 1 @10.~50 


(*Nous sommes dans le cas 9 Default*)

process delta_p22_p88 1 
process p22_p88 3 

p22 1 -> p22_p88 0 2 @10.~50 
p22 1 -> p22_p88 1 3 @10.~50 
p22 0 -> p22_p88 2 0 @10.~50 
p22 0 -> p22_p88 3 1 @10.~50 
p88 1 -> p22_p88 0 1 @10.~50 
p88 1 -> p22_p88 2 3 @10.~50 
p88 0 -> p22_p88 1 0 @10.~50 
p88 0 -> p22_p88 3 2 @10.~50  

p22 1 -> delta_p22_p88 0 1 @10.~50 
p22_p88 1 -> delta_p22_p88 1 0 @10.~50 
delta_p22_p88 1 -> p22 1  0 @10.~50 
delta_p22_p88 1 -> p88 0 1 @10.~50 


(*Nous sommes dans le cas 1*)

process delta_p22_p57_p4 1 
process p22_p57 3 
process p57_p4 3 

p22 1 -> p22_p57 0 2 @10.~50 
p22 1 -> p22_p57 1 3 @10.~50 
p22 0 -> p22_p57 2 0 @10.~50 
p22 0 -> p22_p57 3 1 @10.~50 
p57 1 -> p22_p57 0 1 @10.~50 
p57 1 -> p22_p57 2 3 @10.~50 
p57 0 -> p22_p57 1 0 @10.~50 
p57 0 -> p22_p57 3 2 @10.~50  

p57 1 -> p57_p4 0 2 @10.~50 
p57 1 -> p57_p4 1 3 @10.~50 
p57 0 -> p57_p4 2 0 @10.~50 
p57 0 -> p57_p4 3 1 @10.~50 
p4 1 -> p57_p4 0 1 @10.~50 
p4 1 -> p57_p4 2 3 @10.~50 
p4 0 -> p57_p4 1 0 @10.~50 
p4 0 -> p57_p4 3 2 @10.~50 

p22_p57 3 -> delta_p22_p57_p4 0 1 @10.~50 
p57_p4 1 -> delta_p22_p57_p4 1 0 @10.~50 
delta_p22_p57_p4 1 -> p57 1 0 @10.~50 
delta_p22_p57_p4 1 -> p4 0 1 @10.~50 


(*Nous sommes dans le cas 3 Default*)

p23 1 -> p26 0 1 @10.0~50 


p23 0 -> p26 1 0 @10.0~50 


(*Nous sommes dans le cas 3 Default*)

p23 1 -> p24 0 1 @10.0~50 


p23 0 -> p24 1 0 @10.0~50 


(*Nous sommes dans le cas 3 Param*)

(*activation*)
p24 1 -> p25 0 1 @5.0~50 


(*Nous sommes dans le cas 3 Param*)

(*activation*)
p24 1 -> p25 1 2 @3.3333335~50 


(*Nous sommes dans le cas 3 Param*)

(*inibition*)
p24 0 -> p25 2 1 @2.5~50 


(*Nous sommes dans le cas 3 Param*)

(*activation*)
p24 1 -> p25 1 2 @2.0~50 


(*Nous sommes dans le cas 3 Param*)

(*inibition*)
p24 0 -> p25 2 1 @0.5555556~50 


(*Nous sommes dans le cas 3 Param*)

(*inibition*)
p24 0 -> p25 2 1 @0.5555556~50 


(*Nous sommes dans le cas 3 Default*)

p26 1 -> p84 0 1 @10.0~50 


p26 0 -> p84 1 0 @10.0~50 


(*Nous sommes dans le cas 3 Default*)

p26 1 -> p27 0 1 @10.0~50 


p26 0 -> p27 1 0 @10.0~50 


(*Nous sommes dans le cas 3 Default*)

p69 1 -> p26 0 1 @10.0~50 


p69 0 -> p26 1 0 @10.0~50 


(*Nous sommes dans le cas 3 Default*)

p27 1 -> p70 0 1 @10.0~50 


p27 0 -> p70 1 0 @10.0~50 


(*Nous sommes dans le cas 3 Default*)

p27 1 -> p28 0 1 @10.0~50 


p27 0 -> p28 1 0 @10.0~50 


(*Nous sommes dans le cas 3 Default*)

p28 1 -> p74 0 1 @10.0~50 


p28 0 -> p74 1 0 @10.0~50 


(*Nous sommes dans le cas 3 Default*)

p28 1 -> p29 0 1 @10.0~50 


p28 0 -> p29 1 0 @10.0~50 


(*Nous sommes dans le cas 11 *)

p28 1 -> p71 1 2 @10.~50 
p28 0 -> p71 2 1 @10.~50 
(*Nous sommes dans le cas 8 *)

p29 1 -> p30 0 1 @10.~50 
p30 1 -> p30 1 2 @10.~50 


p29 0 -> p30 2 1 @10.~50 
p29 0 -> p30 1 0 @10.~50 
(*Nous sommes dans le cas 3 Param*)

(*activation*)
p30 2 -> p31 0 1 @5.0~50 


(*Nous sommes dans le cas 3 Param*)

(*activation*)
p30 2 -> p31 1 2 @3.3333335~50 


(*Nous sommes dans le cas 3 Param*)

(*inibition*)
p30 1 -> p31 2 1 @0.8333334~50 


(*Nous sommes dans le cas 3 Param*)

(*inibition*)
p30 1 -> p31 1 0 @0.4166667~50 


(*Nous sommes dans le cas 3 Param*)

(*inibition*)
p30 1 -> p31 1 0 @0.4166667~50 


(*Nous sommes dans le cas 3 Param*)

(*activation*)
(*modification pour le ph10-1.out*)
p30 2 -> p32 0 1 @10.0~50 
p30 2 -> p32 1 2 @10.0~50 


(*Nous sommes dans le cas 3 Param*)

(*inibition*)
p30 1 -> p32 2 1 @1.6666667~50 


(*Nous sommes dans le cas 3 Param*)

(*inibition*)
p30 1 -> p32 1 0 @0.8333334~50 


(*Nous sommes dans le cas 3 Param*)

(*inibition*)
p30 1 -> p32 1 0 @0.8333334~50 


(*Nous sommes dans le cas 6 *)

p32 1 -> p33 0 1 @10.~50 
p32 0 -> p33 1 0 @10.~50 
p35 0 -> p33 1 0 @10.~50 
p35 1 -> p33 0 1 @10.~50 


(*Nous sommes dans le cas 9 Default*)

process delta_p33_p34 1 
process p33_p34 3 

p33 1 -> p33_p34 0 2 @10.~50 
p33 1 -> p33_p34 1 3 @10.~50 
p33 0 -> p33_p34 2 0 @10.~50 
p33 0 -> p33_p34 3 1 @10.~50 
p34 1 -> p33_p34 0 1 @10.~50 
p34 1 -> p33_p34 2 3 @10.~50 
p34 0 -> p33_p34 1 0 @10.~50 
p34 0 -> p33_p34 3 2 @10.~50  

p33 1 -> delta_p33_p34 0 1 @10.~50 
p33_p34 1 -> delta_p33_p34 1 0 @10.~50 
delta_p33_p34 1 -> p33 1  0 @10.~50 
delta_p33_p34 1 -> p34 0 1 @10.~50 


(*Nous sommes dans le cas 9 Default*)

process delta_p34_p35 1 
process p34_p35 3 

p34 1 -> p34_p35 0 2 @10.~50 
p34 1 -> p34_p35 1 3 @10.~50 
p34 0 -> p34_p35 2 0 @10.~50 
p34 0 -> p34_p35 3 1 @10.~50 
p35 1 -> p34_p35 0 1 @10.~50 
p35 1 -> p34_p35 2 3 @10.~50 
p35 0 -> p34_p35 1 0 @10.~50 
p35 0 -> p34_p35 3 2 @10.~50  

p34 1 -> delta_p34_p35 0 1 @10.~50 
p34_p35 1 -> delta_p34_p35 1 0 @10.~50 
delta_p34_p35 1 -> p34 1  0 @10.~50 
delta_p34_p35 1 -> p35 0 1 @10.~50 


(*Nous sommes dans le cas 3 Default*)

p34 1 -> p36 0 1 @10.0~50 


p34 0 -> p36 1 0 @10.0~50 


(*Nous sommes dans le cas 7 *)

process delta_p36_p34_p37 1 
process p36_p34_p37 7 

p36 1 -> p36_p34_p37 0 4 @10.~50 
p36 1 -> p36_p34_p37 1 5 @10.~50 
p36 1 -> p36_p34_p37 2 6 @10.~50 
p36 1 -> p36_p34_p37 3 7 @10.~50 
p36 0 -> p36_p34_p37 4 0 @10.~50 
p36 0 -> p36_p34_p37 5 1 @10.~50 
p36 0 -> p36_p34_p37 6 2 @10.~50 
p36 0 -> p36_p34_p37 7 3 @10.~50 
p34 1 -> p36_p34_p37 0 2 @10.~50 
p34 1 -> p36_p34_p37 1 3 @10.~50 
p34 1 -> p36_p34_p37 4 6 @10.~50 
p34 1 -> p36_p34_p37 5 7 @10.~50 
p34 0 -> p36_p34_p37 2 0 @10.~50 
p34 0 -> p36_p34_p37 3 1 @10.~50 
p34 0 -> p36_p34_p37 6 4 @10.~50 
p34 0 -> p36_p34_p37 7 5 @10.~50 
p37 1 -> p36_p34_p37 0 1 @10.~50 
p37 1 -> p36_p34_p37 2 3 @10.~50 
p37 1 -> p36_p34_p37 4 5 @10.~50 
p37 1 -> p36_p34_p37 6 7 @10.~50 
p37 0 -> p36_p34_p37 1 0 @10.~50 
p37 0 -> p36_p34_p37 3 2 @10.~50 
p37 0 -> p36_p34_p37 5 4 @10.~50 
p37 0 -> p36_p34_p37 7 6 @10.~50 

p36 1 -> delta_p36_p34_p37 0 1 @10.~50 
p36_p34_p37 3 -> delta_p36_p34_p37 1 0 @10.~50 
delta_p36_p34_p37 1 -> p36 1 0 @10.~50 
delta_p36_p34_p37 1 -> p34 0 1 @10.~50 
delta_p36_p34_p37 1 -> p37 0 1 @10.~50 


(*Nous sommes dans le cas 9 Default*)

process delta_p37_p38 1 
process p37_p38 3 

p37 1 -> p37_p38 0 2 @10.~50 
p37 1 -> p37_p38 1 3 @10.~50 
p37 0 -> p37_p38 2 0 @10.~50 
p37 0 -> p37_p38 3 1 @10.~50 
p38 1 -> p37_p38 0 1 @10.~50 
p38 1 -> p37_p38 2 3 @10.~50 
p38 0 -> p37_p38 1 0 @10.~50 
p38 0 -> p37_p38 3 2 @10.~50  

p37 1 -> delta_p37_p38 0 1 @10.~50 
p37_p38 1 -> delta_p37_p38 1 0 @10.~50 
delta_p37_p38 1 -> p37 1  0 @10.~50 
delta_p37_p38 1 -> p38 0 1 @10.~50 


(*Nous sommes dans le cas 3 Default*)

p38 1 -> p101 0 1 @10.0~50 


p38 0 -> p101 1 0 @10.0~50 


(*Nous sommes dans le cas 3 Default*)

p38 1 -> p39 0 1 @10.0~50 


p38 0 -> p39 1 0 @10.0~50 


(*Nous sommes dans le cas 3 Default*)

p39 1 -> p102 0 1 @10.0~50 


p39 0 -> p102 1 0 @10.0~50 


(*Nous sommes dans le cas 3 Default*)

p39 1 -> p40 0 1 @10.0~50 


p39 0 -> p40 1 0 @10.0~50 


(*Nous sommes dans le cas 3 Default*)

p85 1 -> p39 0 1 @10.0~50 


p85 0 -> p39 1 0 @10.0~50 


(*Nous sommes dans le cas 3 Default*)

p40 1 -> p46 0 1 @10.0~50 


p40 0 -> p46 1 0 @10.0~50 


(*Nous sommes dans le cas 9 Default*)

process delta_p46_p47 1 
process p46_p47 3 

p46 1 -> p46_p47 0 2 @10.~50 
p46 1 -> p46_p47 1 3 @10.~50 
p46 0 -> p46_p47 2 0 @10.~50 
p46 0 -> p46_p47 3 1 @10.~50 
p47 1 -> p46_p47 0 1 @10.~50 
p47 1 -> p46_p47 2 3 @10.~50 
p47 0 -> p46_p47 1 0 @10.~50 
p47 0 -> p46_p47 3 2 @10.~50  

p46 1 -> delta_p46_p47 0 1 @10.~50 
p46_p47 1 -> delta_p46_p47 1 0 @10.~50 
delta_p46_p47 1 -> p46 1  0 @10.~50 
delta_p46_p47 1 -> p47 0 1 @10.~50 


(*Nous sommes dans le cas 3 Param*)

(*inibition*)
p40 0 -> p117 1 0 @10.0~50 


(*Nous sommes dans le cas 3 Param*)

(*activation*)
p40 1 -> p117 0 1 @5.0~50 


(*Nous sommes dans le cas 3 Param*)

(*activation*)
p40 1 -> p117 1 2 @3.3333335~50 


(*Nous sommes dans le cas 3 Param*)

(*inibition*)
p40 0 -> p117 2 1 @1.6666667~50 


(*Nous sommes dans le cas 3 Param*)

(*activation*)
p40 1 -> p117 1 2 @1.25~50 


(*Nous sommes dans le cas 3 Param*)

(*activation*)
p40 1 -> p117 1 2 @1.25~50 


(*Nous sommes dans le cas 8 *)

p40 1 -> p53 0 1 @10.~50 
p53 1 -> p53 1 2 @10.~50 


p40 0 -> p53 2 1 @10.~50 
p40 0 -> p53 1 0 @10.~50 
(*Nous sommes dans le cas 3 Param*)

(*activation*)
p40 1 -> p42 0 1 @10.0~50 


(*Nous sommes dans le cas 3 Param*)

(*activation*)
p40 1 -> p42 1 2 @3.3333335~50 


(*Nous sommes dans le cas 3 Param*)

(*inibition*)
p40 0 -> p42 2 1 @1.25~50 


(*Nous sommes dans le cas 3 Param*)

(*inibition*)
p40 0 -> p42 2 1 @1.25~50 


(*Nous sommes dans le cas 3 Param*)

(*activation*)
p40 1 -> p45 0 1 @5.0~50 


(*Nous sommes dans le cas 3 Param*)

(*activation*)
p40 1 -> p45 1 2 @3.3333335~50 


(*Nous sommes dans le cas 3 Param*)

(*inibition*)
p40 0 -> p45 2 1 @2.5~50 


(*Nous sommes dans le cas 3 Param*)

(*activation*)
p40 1 -> p45 1 2 @2.0~50 


(*Nous sommes dans le cas 3 Param*)

(*inibition*)
p40 0 -> p45 2 1 @1.6666667~50 


(*Nous sommes dans le cas 3 Param*)

(*inibition*)
p40 0 -> p45 2 1 @1.6666667~50 


(*Nous sommes dans le cas 3 Default*)

p40 1 -> p71 0 1 @10.0~50 


p40 0 -> p71 1 0 @10.0~50 


(*Nous sommes dans le cas 9 Default*)

process delta_p40_p41 1 
process p40_p41 3 

p40 1 -> p40_p41 0 2 @10.~50 
p40 1 -> p40_p41 1 3 @10.~50 
p40 0 -> p40_p41 2 0 @10.~50 
p40 0 -> p40_p41 3 1 @10.~50 
p41 1 -> p40_p41 0 1 @10.~50 
p41 1 -> p40_p41 2 3 @10.~50 
p41 0 -> p40_p41 1 0 @10.~50 
p41 0 -> p40_p41 3 2 @10.~50  

p40 1 -> delta_p40_p41 0 1 @10.~50 
p40_p41 1 -> delta_p40_p41 1 0 @10.~50 
delta_p40_p41 1 -> p40 1  0 @10.~50 
delta_p40_p41 1 -> p41 0 1 @10.~50 


(*Nous sommes dans le cas 3 Default*)

p41 1 -> p50 0 1 @10.0~50 


p41 0 -> p50 1 0 @10.0~50 


(*Nous sommes dans le cas 3 Default*)

p41 1 -> p18 0 1 @10.0~50 


p41 0 -> p18 1 0 @10.0~50 


(*Nous sommes dans le cas 3 Default*)

p41 1 -> p73 0 1 @10.0~50 


p41 0 -> p73 1 0 @10.0~50 


(*Nous sommes dans le cas 1*)

process delta_p41_p73_p74 1 
process p41_p73 3 
process p73_p74 3 

p41 1 -> p41_p73 0 2 @10.~50 
p41 1 -> p41_p73 1 3 @10.~50 
p41 0 -> p41_p73 2 0 @10.~50 
p41 0 -> p41_p73 3 1 @10.~50 
p73 1 -> p41_p73 0 1 @10.~50 
p73 1 -> p41_p73 2 3 @10.~50 
p73 0 -> p41_p73 1 0 @10.~50 
p73 0 -> p41_p73 3 2 @10.~50  

p73 1 -> p73_p74 0 2 @10.~50 
p73 1 -> p73_p74 1 3 @10.~50 
p73 0 -> p73_p74 2 0 @10.~50 
p73 0 -> p73_p74 3 1 @10.~50 
p74 1 -> p73_p74 0 1 @10.~50 
p74 1 -> p73_p74 2 3 @10.~50 
p74 0 -> p73_p74 1 0 @10.~50 
p74 0 -> p73_p74 3 2 @10.~50 

p41_p73 3 -> delta_p41_p73_p74 0 1 @10.~50 
p73_p74 1 -> delta_p41_p73_p74 1 0 @10.~50 
delta_p41_p73_p74 1 -> p73 1 0 @10.~50 
delta_p41_p73_p74 1 -> p74 0 1 @10.~50 


(*Nous sommes dans le cas 3 Default*)

p42 1 -> p43 0 1 @10.0~50 


p42 0 -> p43 1 0 @10.0~50 


(*Nous sommes dans le cas 9 Param*)

process delta_p43_p44 1 
process p43_p44 3 

p43 1 -> p43_p44 0 2 @10.~50 
p43 1 -> p43_p44 1 3 @10.~50 
p43 0 -> p43_p44 2 0 @10.0~50 
p43 0 -> p43_p44 3 1 @10.~50 
p44 1 -> p43_p44 0 1 @10.~50 
p44 1 -> p43_p44 2 3 @10.~50 
p44 0 -> p43_p44 1 0 @10.~50 
p44 0 -> p43_p44 3 2 @10.~50  

p43 1 -> delta_p43_p44 0 1 @10.~50 
p43_p44 1 -> delta_p43_p44 1 0 @10.~50 
delta_p43_p44 1 -> p43 1  0 @5.0~50 
delta_p43_p44 1 -> p44 0 1 @5.0~50 


(*Nous sommes dans le cas 9 Param*)

process delta_p43_p44 1 
process p43_p44 3 

p43 1 -> p43_p44 0 2 @10.~50 
p43 1 -> p43_p44 1 3 @10.~50 
p43 0 -> p43_p44 2 0 @10.0~50 
p43 0 -> p43_p44 3 1 @10.~50 
p44 1 -> p43_p44 0 1 @10.~50 
p44 1 -> p43_p44 2 3 @10.~50 
p44 0 -> p43_p44 1 0 @10.~50 
p44 0 -> p43_p44 3 2 @10.~50  

p43 1 -> delta_p43_p44 0 1 @10.~50 
p43_p44 1 -> delta_p43_p44 1 0 @10.~50 
delta_p43_p44 1 -> p43 1  0 @3.3333335~50 
delta_p43_p44 1 -> p44 1 2 @3.3333335~50 


(*Nous sommes dans le cas 9 Param*)

process delta_p43_p44 1 
process p43_p44 3 

p43 1 -> p43_p44 0 2 @10.~50 
p43 1 -> p43_p44 1 3 @10.~50 
p43 0 -> p43_p44 2 0 @10.0~50 
p43 0 -> p43_p44 3 1 @10.~50 
p44 1 -> p43_p44 0 1 @10.~50 
p44 1 -> p43_p44 2 3 @10.~50 
p44 0 -> p43_p44 1 0 @10.~50 
p44 0 -> p43_p44 3 2 @10.~50  

p43 1 -> delta_p43_p44 0 1 @10.~50 
p43_p44 1 -> delta_p43_p44 1 0 @10.~50 
delta_p43_p44 1 -> p43 1  0 @1.25~50 
delta_p43_p44 1 -> p44 2 1 @1.25~50 


(*Nous sommes dans le cas 9 Param*)

process delta_p43_p44 1 
process p43_p44 3 

p43 1 -> p43_p44 0 2 @10.~50 
p43 1 -> p43_p44 1 3 @10.~50 
p43 0 -> p43_p44 2 0 @10.0~50 
p43 0 -> p43_p44 3 1 @10.~50 
p44 1 -> p43_p44 0 1 @10.~50 
p44 1 -> p43_p44 2 3 @10.~50 
p44 0 -> p43_p44 1 0 @10.~50 
p44 0 -> p43_p44 3 2 @10.~50  

p43 1 -> delta_p43_p44 0 1 @10.~50 
p43_p44 1 -> delta_p43_p44 1 0 @10.~50 
delta_p43_p44 1 -> p43 1  0 @0.8333334~50 
delta_p43_p44 1 -> p44 1 0 @0.8333334~50 


(*Nous sommes dans le cas 9 Param*)

process delta_p43_p44 1 
process p43_p44 3 

p43 1 -> p43_p44 0 2 @10.~50 
p43 1 -> p43_p44 1 3 @10.~50 
p43 0 -> p43_p44 2 0 @10.0~50 
p43 0 -> p43_p44 3 1 @10.~50 
p44 1 -> p43_p44 0 1 @10.~50 
p44 1 -> p43_p44 2 3 @10.~50 
p44 0 -> p43_p44 1 0 @10.~50 
p44 0 -> p43_p44 3 2 @10.~50  

p43 1 -> delta_p43_p44 0 1 @10.~50 
p43_p44 1 -> delta_p43_p44 1 0 @10.~50 
delta_p43_p44 1 -> p43 1  0 @0.5555556~50 
delta_p43_p44 1 -> p44 0 1 @0.5555556~50 


(*Nous sommes dans le cas 9 Param*)

process delta_p43_p44 1 
process p43_p44 3 

p43 1 -> p43_p44 0 2 @10.~50 
p43 1 -> p43_p44 1 3 @10.~50 
p43 0 -> p43_p44 2 0 @10.0~50 
p43 0 -> p43_p44 3 1 @10.~50 
p44 1 -> p43_p44 0 1 @10.~50 
p44 1 -> p43_p44 2 3 @10.~50 
p44 0 -> p43_p44 1 0 @10.~50 
p44 0 -> p43_p44 3 2 @10.~50  

p43 1 -> delta_p43_p44 0 1 @10.~50 
p43_p44 1 -> delta_p43_p44 1 0 @10.~50 
delta_p43_p44 1 -> p43 1  0 @0.5555556~50 
delta_p43_p44 1 -> p44 0 1 @0.5555556~50 


(*Nous sommes dans le cas 3 Default*)

p49 1 -> p46 0 1 @10.0~50 


p49 0 -> p46 1 0 @10.0~50 


(*Nous sommes dans le cas 9 Default*)

process delta_p46_p47 1 
process p46_p47 3 

p46 1 -> p46_p47 0 2 @10.~50 
p46 1 -> p46_p47 1 3 @10.~50 
p46 0 -> p46_p47 2 0 @10.~50 
p46 0 -> p46_p47 3 1 @10.~50 
p47 1 -> p46_p47 0 1 @10.~50 
p47 1 -> p46_p47 2 3 @10.~50 
p47 0 -> p46_p47 1 0 @10.~50 
p47 0 -> p46_p47 3 2 @10.~50  

p46 1 -> delta_p46_p47 0 1 @10.~50 
p46_p47 1 -> delta_p46_p47 1 0 @10.~50 
delta_p46_p47 1 -> p46 1  0 @10.~50 
delta_p46_p47 1 -> p47 0 1 @10.~50 


(*Nous sommes dans le cas 8 *)

p47 1 -> p103 0 1 @10.~50 
p103 1 -> p103 1 2 @10.~50 


p47 0 -> p103 2 1 @10.~50 
p47 0 -> p103 1 0 @10.~50 
(*Nous sommes dans le cas 3 Default*)

p47 1 -> p48 0 1 @10.0~50 


p47 0 -> p48 1 0 @10.0~50 


(*Nous sommes dans le cas 9 Default*)

process delta_p48_p49 1 
process p48_p49 3 

p48 1 -> p48_p49 0 2 @10.~50 
p48 1 -> p48_p49 1 3 @10.~50 
p48 0 -> p48_p49 2 0 @10.~50 
p48 0 -> p48_p49 3 1 @10.~50 
p49 1 -> p48_p49 0 1 @10.~50 
p49 1 -> p48_p49 2 3 @10.~50 
p49 0 -> p48_p49 1 0 @10.~50 
p49 0 -> p48_p49 3 2 @10.~50  

p48 1 -> delta_p48_p49 0 1 @10.~50 
p48_p49 1 -> delta_p48_p49 1 0 @10.~50 
delta_p48_p49 1 -> p48 1  0 @10.~50 
delta_p48_p49 1 -> p49 0 1 @10.~50 


(*Nous sommes dans le cas 6 *)

p49 1 -> p55 0 1 @10.~50 
p49 0 -> p55 1 0 @10.~50 
p57 0 -> p55 1 0 @10.~50 
p57 1 -> p55 0 1 @10.~50 


(*Nous sommes dans le cas 9 Default*)

process delta_p50_p51 1 
process p50_p51 3 

p50 1 -> p50_p51 0 2 @10.~50 
p50 1 -> p50_p51 1 3 @10.~50 
p50 0 -> p50_p51 2 0 @10.~50 
p50 0 -> p50_p51 3 1 @10.~50 
p51 1 -> p50_p51 0 1 @10.~50 
p51 1 -> p50_p51 2 3 @10.~50 
p51 0 -> p50_p51 1 0 @10.~50 
p51 0 -> p50_p51 3 2 @10.~50  

p50 1 -> delta_p50_p51 0 1 @10.~50 
p50_p51 1 -> delta_p50_p51 1 0 @10.~50 
delta_p50_p51 1 -> p50 1  0 @10.~50 
delta_p50_p51 1 -> p51 0 1 @10.~50 


(*Nous sommes dans le cas 3 Default*)

p51 1 -> p18 0 1 @10.0~50 


p51 0 -> p18 1 0 @10.0~50 


(*Nous sommes dans le cas 4 Param*)

(*activation*)
p51 1 -> p52 0 1 @2.5~50 
(*Nous sommes dans le cas 4 Param*)

(*activation*)
p51 1 -> p52 1 2 @2.0~50 
(*Nous sommes dans le cas 4 Param*)

(*inibition*)
p51 0 -> p52 2 1 @1.6666667~50 


(*Nous sommes dans le cas 4 Param*)

(*activation*)
p51 1 -> p52 1 2 @0.8333334~50 
(*Nous sommes dans le cas 4 Param*)

(*activation*)
p51 1 -> p52 1 2 @0.8333334~50 
(*Nous sommes dans le cas 2 *)

process p18_p73 3 

p18 1 -> p18_p73 0 2 @10.~50 
p18 1 -> p18_p73 1 3 @10.~50 
p18 0 -> p18_p73 2 0 @10.~50 
p18 0 -> p18_p73 3 1 @10.~50 
p73 1 -> p18_p73 0 1 @10.~50 
p73 1 -> p18_p73 2 3 @10.~50 
p73 0 -> p18_p73 1 0 @10.~50 
p73 0 -> p18_p73 3 2 @10.~50  

p18_p73 3 -> p64 0 1 @10.~50 


p18_p73 2 -> p64 1 0 @10.~50 

p18_p73 1 -> p64 1 0 @10.~50 

p18_p73 0 -> p64 1 0 @10.~50 

(*Nous sommes dans le cas 3 Default*)

p53 2 -> p54 0 1 @10.0~50 


p53 1 -> p54 1 0 @10.0~50 


(*Nous sommes dans le cas 3 Default*)

p55 1 -> p56 0 1 @10.0~50 


p55 0 -> p56 1 0 @10.0~50 


(*Nous sommes dans le cas 3 Default*)

p56 1 -> p3 1 2 @10.0~50 


p56 0 -> p3 2 1 @10.0~50 


(*Nous sommes dans le cas 9 Default*)

process delta_p56_p58 1 
process p56_p58 3 

p56 1 -> p56_p58 0 2 @10.~50 
p56 1 -> p56_p58 1 3 @10.~50 
p56 0 -> p56_p58 2 0 @10.~50 
p56 0 -> p56_p58 3 1 @10.~50 
p58 1 -> p56_p58 0 1 @10.~50 
p58 1 -> p56_p58 2 3 @10.~50 
p58 0 -> p56_p58 1 0 @10.~50 
p58 0 -> p56_p58 3 2 @10.~50  

p56 1 -> delta_p56_p58 0 1 @10.~50 
p56_p58 1 -> delta_p56_p58 1 0 @10.~50 
delta_p56_p58 1 -> p56 1  0 @10.~50 
delta_p56_p58 1 -> p58 0 1 @10.~50 


(*Nous sommes dans le cas 9 Default*)

process delta_p56_p57 1 
process p56_p57 3 

p56 1 -> p56_p57 0 2 @10.~50 
p56 1 -> p56_p57 1 3 @10.~50 
p56 0 -> p56_p57 2 0 @10.~50 
p56 0 -> p56_p57 3 1 @10.~50 
p57 1 -> p56_p57 0 1 @10.~50 
p57 1 -> p56_p57 2 3 @10.~50 
p57 0 -> p56_p57 1 0 @10.~50 
p57 0 -> p56_p57 3 2 @10.~50  

p56 1 -> delta_p56_p57 0 1 @10.~50 
p56_p57 1 -> delta_p56_p57 1 0 @10.~50 
delta_p56_p57 1 -> p56 1  0 @10.~50 
delta_p56_p57 1 -> p57 0 1 @10.~50 


(*Nous sommes dans le cas 3 Default*)

p83 1 -> p57 0 1 @10.0~50 


p83 0 -> p57 1 0 @10.0~50 


(*Nous sommes dans le cas 1*)

process delta_p57_p67_p69 1 
process p57_p67 3 
process p67_p69 3 

p57 1 -> p57_p67 0 2 @10.~50 
p57 1 -> p57_p67 1 3 @10.~50 
p57 0 -> p57_p67 2 0 @10.~50 
p57 0 -> p57_p67 3 1 @10.~50 
p67 1 -> p57_p67 0 1 @10.~50 
p67 1 -> p57_p67 2 3 @10.~50 
p67 0 -> p57_p67 1 0 @10.~50 
p67 0 -> p57_p67 3 2 @10.~50  

p67 1 -> p67_p69 0 2 @10.~50 
p67 1 -> p67_p69 1 3 @10.~50 
p67 0 -> p67_p69 2 0 @10.~50 
p67 0 -> p67_p69 3 1 @10.~50 
p69 1 -> p67_p69 0 1 @10.~50 
p69 1 -> p67_p69 2 3 @10.~50 
p69 0 -> p67_p69 1 0 @10.~50 
p69 0 -> p67_p69 3 2 @10.~50 

p57_p67 3 -> delta_p57_p67_p69 0 1 @10.~50 
p67_p69 1 -> delta_p57_p67_p69 1 0 @10.~50 
delta_p57_p67_p69 1 -> p67 1 0 @10.~50 
delta_p57_p67_p69 1 -> p69 0 1 @10.~50 


(*Nous sommes dans le cas 3 Default*)

p57 1 -> p66 0 1 @10.0~50 


p57 0 -> p66 1 0 @10.0~50 


(*Nous sommes dans le cas 1*)

process delta_p57_p67_p66 1 
process p57_p67 3 
process p67_p66 3 

p57 1 -> p57_p67 0 2 @10.~50 
p57 1 -> p57_p67 1 3 @10.~50 
p57 0 -> p57_p67 2 0 @10.~50 
p57 0 -> p57_p67 3 1 @10.~50 
p67 1 -> p57_p67 0 1 @10.~50 
p67 1 -> p57_p67 2 3 @10.~50 
p67 0 -> p57_p67 1 0 @10.~50 
p67 0 -> p57_p67 3 2 @10.~50  

p67 1 -> p67_p66 0 2 @10.~50 
p67 1 -> p67_p66 1 3 @10.~50 
p67 0 -> p67_p66 2 0 @10.~50 
p67 0 -> p67_p66 3 1 @10.~50 
p66 1 -> p67_p66 0 1 @10.~50 
p66 1 -> p67_p66 2 3 @10.~50 
p66 0 -> p67_p66 1 0 @10.~50 
p66 0 -> p67_p66 3 2 @10.~50 

p57_p67 3 -> delta_p57_p67_p66 0 1 @10.~50 
p67_p66 1 -> delta_p57_p67_p66 1 0 @10.~50 
delta_p57_p67_p66 1 -> p67 1 0 @10.~50 
delta_p57_p67_p66 1 -> p66 0 1 @10.~50 


(*Nous sommes dans le cas 3 Default*)

p68 2 -> p57 0 1 @10.0~50 


p68 1 -> p57 1 0 @10.0~50 


(*Nous sommes dans le cas 9 Default*)

process delta_p57_p81 1 
process p57_p81 3 

p57 1 -> p57_p81 0 2 @10.~50 
p57 1 -> p57_p81 1 3 @10.~50 
p57 0 -> p57_p81 2 0 @10.~50 
p57 0 -> p57_p81 3 1 @10.~50 
p81 1 -> p57_p81 0 1 @10.~50 
p81 1 -> p57_p81 2 3 @10.~50 
p81 0 -> p57_p81 1 0 @10.~50 
p81 0 -> p57_p81 3 2 @10.~50  

p57 1 -> delta_p57_p81 0 1 @10.~50 
p57_p81 1 -> delta_p57_p81 1 0 @10.~50 
delta_p57_p81 1 -> p57 1  0 @10.~50 
delta_p57_p81 1 -> p81 0 1 @10.~50 


(*Nous sommes dans le cas 3 Default*)

p85 1 -> p57 0 1 @10.0~50 


p85 0 -> p57 1 0 @10.0~50 


(*Nous sommes dans le cas 3 Default*)

p58 1 -> p59 0 1 @10.0~50 


p58 0 -> p59 1 0 @10.0~50 


(*Nous sommes dans le cas 1*)

process delta_p58_p62_p61 1 
process p58_p62 3 
process p62_p61 3 

p58 1 -> p58_p62 0 2 @10.~50 
p58 1 -> p58_p62 1 3 @10.~50 
p58 0 -> p58_p62 2 0 @10.~50 
p58 0 -> p58_p62 3 1 @10.~50 
p62 1 -> p58_p62 0 1 @10.~50 
p62 1 -> p58_p62 2 3 @10.~50 
p62 0 -> p58_p62 1 0 @10.~50 
p62 0 -> p58_p62 3 2 @10.~50  

p62 1 -> p62_p61 0 2 @10.~50 
p62 1 -> p62_p61 1 3 @10.~50 
p62 0 -> p62_p61 2 0 @10.~50 
p62 0 -> p62_p61 3 1 @10.~50 
p61 1 -> p62_p61 0 1 @10.~50 
p61 1 -> p62_p61 2 3 @10.~50 
p61 0 -> p62_p61 1 0 @10.~50 
p61 0 -> p62_p61 3 2 @10.~50 

p58_p62 3 -> delta_p58_p62_p61 0 1 @10.~50 
p62_p61 1 -> delta_p58_p62_p61 1 0 @10.~50 
delta_p58_p62_p61 1 -> p62 1 0 @10.~50 
delta_p58_p62_p61 1 -> p61 0 1 @10.~50 

(*correction ph10-2.out *)
delta_p58_p62_p61 0 -> p62 0 1 @10.~50 
delta_p58_p62_p61 0 -> p61 1 0 @10.~50 

(*Nous sommes dans le cas 3 Default*)

p59 1 -> p60 0 1 @10.0~50 


p59 0 -> p60 1 0 @10.0~50 


(*Nous sommes dans le cas 9 Default*)

process delta_p67_p59 1 
process p67_p59 3 

p67 1 -> p67_p59 0 2 @10.~50 
p67 1 -> p67_p59 1 3 @10.~50 
p67 0 -> p67_p59 2 0 @10.~50 
p67 0 -> p67_p59 3 1 @10.~50 
p59 1 -> p67_p59 0 1 @10.~50 
p59 1 -> p67_p59 2 3 @10.~50 
p59 0 -> p67_p59 1 0 @10.~50 
p59 0 -> p67_p59 3 2 @10.~50  

p67 1 -> delta_p67_p59 0 1 @10.~50 
p67_p59 1 -> delta_p67_p59 1 0 @10.~50 
delta_p67_p59 1 -> p67 1  0 @10.~50 
delta_p67_p59 1 -> p59 0 1 @10.~50 


(*Nous sommes dans le cas 9 Default*)

process delta_p67_p69 1 
process p67_p69 3 

p67 1 -> p67_p69 0 2 @10.~50 
p67 1 -> p67_p69 1 3 @10.~50 
p67 0 -> p67_p69 2 0 @10.~50 
p67 0 -> p67_p69 3 1 @10.~50 
p69 1 -> p67_p69 0 1 @10.~50 
p69 1 -> p67_p69 2 3 @10.~50 
p69 0 -> p67_p69 1 0 @10.~50 
p69 0 -> p67_p69 3 2 @10.~50  

p67 1 -> delta_p67_p69 0 1 @10.~50 
p67_p69 1 -> delta_p67_p69 1 0 @10.~50 
delta_p67_p69 1 -> p67 1  0 @10.~50 
delta_p67_p69 1 -> p69 0 1 @10.~50 


(*Nous sommes dans le cas 9 Default*)

process delta_p69_p67 1 
process p69_p67 3 

p69 1 -> p69_p67 0 2 @10.~50 
p69 1 -> p69_p67 1 3 @10.~50 
p69 0 -> p69_p67 2 0 @10.~50 
p69 0 -> p69_p67 3 1 @10.~50 
p67 1 -> p69_p67 0 1 @10.~50 
p67 1 -> p69_p67 2 3 @10.~50 
p67 0 -> p69_p67 1 0 @10.~50 
p67 0 -> p69_p67 3 2 @10.~50  

p69 1 -> delta_p69_p67 0 1 @10.~50 
p69_p67 1 -> delta_p69_p67 1 0 @10.~50 
delta_p69_p67 1 -> p69 1  0 @10.~50 
delta_p69_p67 1 -> p67 0 1 @10.~50 


(*Nous sommes dans le cas 3 Default*)

p60 1 -> p61 0 1 @10.0~50 


p60 0 -> p61 1 0 @10.0~50 


(*Nous sommes dans le cas 3 Default*)

p62 1 -> p118 0 1 @10.0~50 


p62 0 -> p118 1 0 @10.0~50 


(*Nous sommes dans le cas 3 Default*)

p118 1 -> p63 0 1 @10.0~50 


p118 0 -> p63 1 0 @10.0~50 


(*Nous sommes dans le cas 3 Param*)

(*activation*)
p64 1 -> p65 0 1 @10.0~50 


(*Nous sommes dans le cas 3 Param*)

(*activation*)
p64 1 -> p65 1 2 @5.0~50 


(*Nous sommes dans le cas 3 Param*)

(*inibition*)
p64 0 -> p65 2 1 @0.5555556~50 


(*Nous sommes dans le cas 3 Param*)

(*inibition*)
p64 0 -> p65 2 1 @0.5555556~50 


(*Nous sommes dans le cas 8 *)

p67 1 -> p68 0 1 @10.~50 
p68 1 -> p68 1 2 @10.~50 


p67 0 -> p68 2 1 @10.~50 
p67 0 -> p68 1 0 @10.~50 
(*Nous sommes dans le cas 9 Default*)

process delta_p67_p66 1 
process p67_p66 3 

p67 1 -> p67_p66 0 2 @10.~50 
p67 1 -> p67_p66 1 3 @10.~50 
p67 0 -> p67_p66 2 0 @10.~50 
p67 0 -> p67_p66 3 1 @10.~50 
p66 1 -> p67_p66 0 1 @10.~50 
p66 1 -> p67_p66 2 3 @10.~50 
p66 0 -> p67_p66 1 0 @10.~50 
p66 0 -> p67_p66 3 2 @10.~50  

p67 1 -> delta_p67_p66 0 1 @10.~50 
p67_p66 1 -> delta_p67_p66 1 0 @10.~50 
delta_p67_p66 1 -> p67 1  0 @10.~50 
delta_p67_p66 1 -> p66 0 1 @10.~50 


(*Nous sommes dans le cas 9 Default*)

process delta_p66_p67 1 
process p66_p67 3 

p66 1 -> p66_p67 0 2 @10.~50 
p66 1 -> p66_p67 1 3 @10.~50 
p66 0 -> p66_p67 2 0 @10.~50 
p66 0 -> p66_p67 3 1 @10.~50 
p67 1 -> p66_p67 0 1 @10.~50 
p67 1 -> p66_p67 2 3 @10.~50 
p67 0 -> p66_p67 1 0 @10.~50 
p67 0 -> p66_p67 3 2 @10.~50  

p66 1 -> delta_p66_p67 0 1 @10.~50 
p66_p67 1 -> delta_p66_p67 1 0 @10.~50 
delta_p66_p67 1 -> p66 1  0 @10.~50 
delta_p66_p67 1 -> p67 0 1 @10.~50 


(*Nous sommes dans le cas 3 Default*)

p68 2 -> p70 0 1 @10.0~50 


p68 1 -> p70 1 0 @10.0~50 


(*Nous sommes dans le cas 3 Default*)

p70 1 -> p73 0 1 @10.0~50 


p70 0 -> p73 1 0 @10.0~50 


(*Nous sommes dans le cas 3 Default*)

p70 1 -> p72 0 1 @10.0~50 


p70 0 -> p72 1 0 @10.0~50 


(*Nous sommes dans le cas 3 Default*)

p70 1 -> p100 0 1 @10.0~50 


p70 0 -> p100 1 0 @10.0~50 


(*Nous sommes dans le cas 3 Default*)

p84 1 -> p70 0 1 @10.0~50 


p84 0 -> p70 1 0 @10.0~50 


(*Nous sommes dans le cas 3 Default*)

p70 1 -> p74 0 1 @10.0~50 


p70 0 -> p74 1 0 @10.0~50 


(*Nous sommes dans le cas 3 Default*)

p83 1 -> p70 0 1 @10.0~50 


p83 0 -> p70 1 0 @10.0~50 


(*Nous sommes dans le cas 9 Default*)

process delta_p72_p76 1 
process p72_p76 3 

p72 1 -> p72_p76 0 2 @10.~50 
p72 1 -> p72_p76 1 3 @10.~50 
p72 0 -> p72_p76 2 0 @10.~50 
p72 0 -> p72_p76 3 1 @10.~50 
p76 1 -> p72_p76 0 1 @10.~50 
p76 1 -> p72_p76 2 3 @10.~50 
p76 0 -> p72_p76 1 0 @10.~50 
p76 0 -> p72_p76 3 2 @10.~50  

p72 1 -> delta_p72_p76 0 1 @10.~50 
p72_p76 1 -> delta_p72_p76 1 0 @10.~50 
delta_p72_p76 1 -> p72 1  0 @10.~50 
delta_p72_p76 1 -> p76 0 1 @10.~50 


(*Nous sommes dans le cas 3 Default*)

p72 1 -> p104 0 1 @10.0~50 


p72 0 -> p104 1 0 @10.0~50 


(*Nous sommes dans le cas 10 *)

process delta_p72_p74_p79 1 
process p72_p74_p79 7 

process p72_p74 3 

p72 1 -> p72_p74 0 2 @10.~50 
p72 1 -> p72_p74 1 3 @10.~50 
p72 0 -> p72_p74 2 0 @10.~50 
p72 0 -> p72_p74 3 1 @10.~50 
p74 1 -> p72_p74 0 1 @10.~50 
p74 1 -> p72_p74 2 3 @10.~50 
p74 0 -> p72_p74 1 0 @10.~50 
p74 0 -> p72_p74 3 2 @10.~50  

p72 1 -> p72_p74_p79 0 4 @10.~50 
p72 1 -> p72_p74_p79 1 5 @10.~50 
p72 1 -> p72_p74_p79 2 6 @10.~50 
p72 1 -> p72_p74_p79 3 7 @10.~50 
p72 0 -> p72_p74_p79 4 0 @10.~50 
p72 0 -> p72_p74_p79 5 1 @10.~50 
p72 0 -> p72_p74_p79 6 2 @10.~50 
p72 0 -> p72_p74_p79 7 3 @10.~50 
p74 1 -> p72_p74_p79 0 2 @10.~50 
p74 1 -> p72_p74_p79 1 3 @10.~50 
p74 1 -> p72_p74_p79 4 6 @10.~50 
p74 1 -> p72_p74_p79 5 7 @10.~50 
p74 0 -> p72_p74_p79 2 0 @10.~50 
p74 0 -> p72_p74_p79 3 1 @10.~50 
p74 0 -> p72_p74_p79 6 4 @10.~50 
p74 0 -> p72_p74_p79 7 5 @10.~50 
p79 1 -> p72_p74_p79 0 1 @10.~50 
p79 1 -> p72_p74_p79 2 3 @10.~50 
p79 1 -> p72_p74_p79 4 5 @10.~50 
p79 1 -> p72_p74_p79 6 7 @10.~50 
p79 0 -> p72_p74_p79 1 0 @10.~50 
p79 0 -> p72_p74_p79 3 2 @10.~50 
p79 0 -> p72_p74_p79 5 4 @10.~50 
p79 0 -> p72_p74_p79 7 6 @10.~50 

p72_p74 3 -> delta_p72_p74_p79 0 1 @10.~50 
p72_p74_p79 1 -> delta_p72_p74_p79 1 0 @10.~50 
delta_p72_p74_p79 1 -> p72 1 0 @10.~50 
delta_p72_p74_p79 1 -> p74 1 0 @10.~50 
delta_p72_p74_p79 1 -> p79 0 1 @10.~50 


delta_p72_p74_p79 0 -> p79 1 0 @10.~50 
(*Nous sommes dans le cas 9 Default*)

process delta_p73_p74 1 
process p73_p74 3 

p73 1 -> p73_p74 0 2 @10.~50 
p73 1 -> p73_p74 1 3 @10.~50 
p73 0 -> p73_p74 2 0 @10.~50 
p73 0 -> p73_p74 3 1 @10.~50 
p74 1 -> p73_p74 0 1 @10.~50 
p74 1 -> p73_p74 2 3 @10.~50 
p74 0 -> p73_p74 1 0 @10.~50 
p74 0 -> p73_p74 3 2 @10.~50  

p73 1 -> delta_p73_p74 0 1 @10.~50 
p73_p74 1 -> delta_p73_p74 1 0 @10.~50 
delta_p73_p74 1 -> p73 1  0 @10.~50 
delta_p73_p74 1 -> p74 0 1 @10.~50 


(*Nous sommes dans le cas 3 Default*)

p87 1 -> p74 0 1 @10.0~50 


p87 0 -> p74 1 0 @10.0~50 


(*Nous sommes dans le cas 3 Default*)

p74 1 -> p101 0 1 @10.0~50 


p74 0 -> p101 1 0 @10.0~50 


(*Nous sommes dans le cas 9 Default*)

process delta_p100_p75 1 
process p100_p75 3 

p100 1 -> p100_p75 0 2 @10.~50 
p100 1 -> p100_p75 1 3 @10.~50 
p100 0 -> p100_p75 2 0 @10.~50 
p100 0 -> p100_p75 3 1 @10.~50 
p75 1 -> p100_p75 0 1 @10.~50 
p75 1 -> p100_p75 2 3 @10.~50 
p75 0 -> p100_p75 1 0 @10.~50 
p75 0 -> p100_p75 3 2 @10.~50  

p100 1 -> delta_p100_p75 0 1 @10.~50 
p100_p75 1 -> delta_p100_p75 1 0 @10.~50 
delta_p100_p75 1 -> p100 1  0 @10.~50 
delta_p100_p75 1 -> p75 0 1 @10.~50 


(*Nous sommes dans le cas 3 Default*)

p75 1 -> p78 0 1 @10.0~50 


p75 0 -> p78 1 0 @10.0~50 


(*Nous sommes dans le cas 9 Default*)

process delta_p76_p77 1 
process p76_p77 3 

p76 1 -> p76_p77 0 2 @10.~50 
p76 1 -> p76_p77 1 3 @10.~50 
p76 0 -> p76_p77 2 0 @10.~50 
p76 0 -> p76_p77 3 1 @10.~50 
p77 1 -> p76_p77 0 1 @10.~50 
p77 1 -> p76_p77 2 3 @10.~50 
p77 0 -> p76_p77 1 0 @10.~50 
p77 0 -> p76_p77 3 2 @10.~50  

p76 1 -> delta_p76_p77 0 1 @10.~50 
p76_p77 1 -> delta_p76_p77 1 0 @10.~50 
delta_p76_p77 1 -> p76 1  0 @10.~50 
delta_p76_p77 1 -> p77 0 1 @10.~50 


(*Nous sommes dans le cas 4 Default*)

p77 1 -> p78 1 0 @10.0~50 
p77 0 -> p78 0 1 @10.0~50 


(*Nous sommes dans le cas 3 Default*)

p79 1 -> p80 0 1 @10.0~50 


p79 0 -> p80 1 0 @10.0~50 


(*Nous sommes dans le cas 3 Default*)

p81 1 -> p82 0 1 @10.0~50 


p81 0 -> p82 1 0 @10.0~50 


(*Nous sommes dans le cas 3 Default*)

p82 1 -> p85 0 1 @10.0~50 


p82 0 -> p85 1 0 @10.0~50 


(*Nous sommes dans le cas 3 Default*)

p66 1 -> p82 0 1 @10.0~50 


p66 0 -> p82 1 0 @10.0~50 


(*Nous sommes dans le cas 3 Default*)

p83 1 -> p87 0 1 @10.0~50 


p83 0 -> p87 1 0 @10.0~50 


(*Nous sommes dans le cas 3 Default*)

p66 1 -> p84 0 1 @10.0~50 


p66 0 -> p84 1 0 @10.0~50 


(*Nous sommes dans le cas 3 Default*)

p66 1 -> p101 0 1 @10.0~50 


p66 0 -> p101 1 0 @10.0~50 


(*Nous sommes dans le cas 3 Default*)

p66 1 -> p96 0 1 @10.0~50 


p66 0 -> p96 1 0 @10.0~50 


(*Nous sommes dans le cas 3 Default*)

p66 1 -> p86 0 1 @10.0~50 


p66 0 -> p86 1 0 @10.0~50 


(*Nous sommes dans le cas 3 Default*)

p84 1 -> p87 0 1 @10.0~50 


p84 0 -> p87 1 0 @10.0~50 


(*Nous sommes dans le cas 3 Default*)

p86 1 -> p87 0 1 @10.0~50 


p86 0 -> p87 1 0 @10.0~50 


(*Nous sommes dans le cas 3 Default*)

p87 1 -> p109 0 1 @10.0~50 


p87 0 -> p109 1 0 @10.0~50 


(*Nous sommes dans le cas 3 Default*)

p88 1 -> p89 0 1 @10.0~50 


p88 0 -> p89 1 0 @10.0~50 


(*Nous sommes dans le cas 3 Default*)

p89 1 -> p90 0 1 @10.0~50 


p89 0 -> p90 1 0 @10.0~50 


(*Nous sommes dans le cas 3 Default*)

p89 1 -> p5 0 1 @10.0~50 


p89 0 -> p5 1 0 @10.0~50 


(*Nous sommes dans le cas 6 *)

p89 1 -> p92 0 1 @10.~50 
p89 0 -> p92 1 0 @10.~50 
p91 0 -> p92 1 0 @10.~50 
p91 1 -> p92 0 1 @10.~50 


(*Nous sommes dans le cas 3 Default*)

p90 1 -> p106 0 1 @10.0~50 


p90 0 -> p106 1 0 @10.0~50 


(*Nous sommes dans le cas 9 Default*)

process delta_p90_p91 1 
process p90_p91 3 

p90 1 -> p90_p91 0 2 @10.~50 
p90 1 -> p90_p91 1 3 @10.~50 
p90 0 -> p90_p91 2 0 @10.~50 
p90 0 -> p90_p91 3 1 @10.~50 
p91 1 -> p90_p91 0 1 @10.~50 
p91 1 -> p90_p91 2 3 @10.~50 
p91 0 -> p90_p91 1 0 @10.~50 
p91 0 -> p90_p91 3 2 @10.~50  

p90 1 -> delta_p90_p91 0 1 @10.~50 
p90_p91 1 -> delta_p90_p91 1 0 @10.~50 
delta_p90_p91 1 -> p90 1  0 @10.~50 
delta_p90_p91 1 -> p91 0 1 @10.~50 


(*Nous sommes dans le cas 3 Default*)

p92 1 -> p93 0 1 @10.0~50 


p92 0 -> p93 1 0 @10.0~50 


(*Nous sommes dans le cas 3 Default*)

p93 1 -> p94 0 1 @10.0~50 


p93 0 -> p94 1 0 @10.0~50 


(*Nous sommes dans le cas 3 Default*)

p96 1 -> p97 0 1 @10.0~50 


p96 0 -> p97 1 0 @10.0~50 


(*Nous sommes dans le cas 8 *)

p97 1 -> p98 0 1 @10.~50 
p98 1 -> p98 1 2 @10.~50 


p97 0 -> p98 2 1 @10.~50 
p97 0 -> p98 1 0 @10.~50 
(*Nous sommes dans le cas 3 Default*)

p98 2 -> p112 0 1 @10.0~50 


p98 1 -> p112 1 0 @10.0~50 


(*Nous sommes dans le cas 3 Default*)

p98 2 -> p99 0 1 @10.0~50 


p98 1 -> p99 1 0 @10.0~50 


(*Nous sommes dans le cas 4 Default*)

p116 1 -> p99 1 0 @10.0~50 
p116 0 -> p99 0 1 @10.0~50 


(*Nous sommes dans le cas 9 Default*)

process delta_p100_p109 1 
process p100_p109 3 

p100 1 -> p100_p109 0 2 @10.~50 
p100 1 -> p100_p109 1 3 @10.~50 
p100 0 -> p100_p109 2 0 @10.~50 
p100 0 -> p100_p109 3 1 @10.~50 
p109 1 -> p100_p109 0 1 @10.~50 
p109 1 -> p100_p109 2 3 @10.~50 
p109 0 -> p100_p109 1 0 @10.~50 
p109 0 -> p100_p109 3 2 @10.~50  

p100 1 -> delta_p100_p109 0 1 @10.~50 
p100_p109 1 -> delta_p100_p109 1 0 @10.~50 
delta_p100_p109 1 -> p100 1  0 @10.~50 
delta_p100_p109 1 -> p109 0 1 @10.~50 


(*Nous sommes dans le cas 3 Default*)

p101 1 -> p102 0 1 @10.0~50 


p101 0 -> p102 1 0 @10.0~50 


(*Nous sommes dans le cas 8 *)

p102 1 -> p103 0 1 @10.~50 
p103 1 -> p103 1 2 @10.~50 


p102 0 -> p103 2 1 @10.~50 
p102 0 -> p103 1 0 @10.~50 
(*Nous sommes dans le cas 9 Default*)

process delta_p104_p105 1 
process p104_p105 3 

p104 1 -> p104_p105 0 2 @10.~50 
p104 1 -> p104_p105 1 3 @10.~50 
p104 0 -> p104_p105 2 0 @10.~50 
p104 0 -> p104_p105 3 1 @10.~50 
p105 1 -> p104_p105 0 1 @10.~50 
p105 1 -> p104_p105 2 3 @10.~50 
p105 0 -> p104_p105 1 0 @10.~50 
p105 0 -> p104_p105 3 2 @10.~50  

p104 1 -> delta_p104_p105 0 1 @10.~50 
p104_p105 1 -> delta_p104_p105 1 0 @10.~50 
delta_p104_p105 1 -> p104 1  0 @10.~50 
delta_p104_p105 1 -> p105 0 1 @10.~50 


(*Nous sommes dans le cas 4 Default*)

p105 1 -> p112 1 0 @10.0~50 
p105 0 -> p112 0 1 @10.0~50 


(*Nous sommes dans le cas 9 Default*)

process delta_p106_p107 1 
process p106_p107 3 

p106 1 -> p106_p107 0 2 @10.~50 
p106 1 -> p106_p107 1 3 @10.~50 
p106 0 -> p106_p107 2 0 @10.~50 
p106 0 -> p106_p107 3 1 @10.~50 
p107 1 -> p106_p107 0 1 @10.~50 
p107 1 -> p106_p107 2 3 @10.~50 
p107 0 -> p106_p107 1 0 @10.~50 
p107 0 -> p106_p107 3 2 @10.~50  

p106 1 -> delta_p106_p107 0 1 @10.~50 
p106_p107 1 -> delta_p106_p107 1 0 @10.~50 
delta_p106_p107 1 -> p106 1  0 @10.~50 
delta_p106_p107 1 -> p107 0 1 @10.~50 


(*Nous sommes dans le cas 8 *)

p108 1 -> p110 0 1 @10.~50 
p110 1 -> p110 1 2 @10.~50 


p108 0 -> p110 2 1 @10.~50 
p108 0 -> p110 1 0 @10.~50 
(*Nous sommes dans le cas 3 Default*)

p109 1 -> p112 0 1 @10.0~50 


p109 0 -> p112 1 0 @10.0~50 


(*Nous sommes dans le cas 3 Param*)

(*activation*)
p110 2 -> p111 0 1 @10.0~50 


(*Nous sommes dans le cas 3 Param*)

(*activation*)
p110 2 -> p111 1 2 @3.3333335~50 


(*Nous sommes dans le cas 3 Param*)

(*inibition*)
p110 1 -> p111 2 1 @1.6666667~50 


(*Nous sommes dans le cas 3 Param*)

(*inibition*)
p110 1 -> p111 1 0 @0.5555556~50 


(*Nous sommes dans le cas 3 Param*)

(*inibition*)
p110 1 -> p111 1 0 @0.5555556~50 


(*Nous sommes dans le cas 3 Default*)

p110 2 -> p112 0 1 @10.0~50 


p110 1 -> p112 1 0 @10.0~50 


(*Nous sommes dans le cas 3 Default*)

p112 1 -> p113 1 2 @10.0~50 


p112 0 -> p113 2 1 @10.0~50 


(*Nous sommes dans le cas 4 Default*)

p113 1 -> p112 1 0 @10.0~50 
p113 0 -> p112 0 1 @10.0~50 


(*Nous sommes dans le cas 4 Param*)

(*activation*)
p113 1 -> p115 1 2 @5.0~50 
(*Nous sommes dans le cas 4 Param*)

(*inibition*)
p113 0 -> p115 2 1 @3.3333335~50 


(*Nous sommes dans le cas 4 Param*)

(*activation*)
p113 1 -> p115 1 2 @2.5~50 
(*Nous sommes dans le cas 4 Param*)

(*inibition*)
p113 0 -> p115 2 1 @1.25~50 


(*Nous sommes dans le cas 4 Param*)

(*inibition*)
p113 0 -> p115 1 0 @0.5555556~50 


(*Nous sommes dans le cas 4 Param*)

(*inibition*)
p113 0 -> p115 1 0 @0.5555556~50 


(*Nous sommes dans le cas 8 *)

p112 1 -> p113 0 1 @10.~50 
p113 1 -> p113 1 2 @10.~50 


p112 0 -> p113 2 1 @10.~50 
p112 0 -> p113 1 0 @10.~50 
(*Nous sommes dans le cas 9 Default*)

process delta_p113_p116 1 
process p113_p116 3 

p113 1 -> p113_p116 0 2 @10.~50 
p113 1 -> p113_p116 1 3 @10.~50 
p113 0 -> p113_p116 2 0 @10.~50 
p113 0 -> p113_p116 3 1 @10.~50 
p116 1 -> p113_p116 0 1 @10.~50 
p116 1 -> p113_p116 2 3 @10.~50 
p116 0 -> p113_p116 1 0 @10.~50 
p116 0 -> p113_p116 3 2 @10.~50  

p113 1 -> delta_p113_p116 0 1 @10.~50 
p113_p116 1 -> delta_p113_p116 1 0 @10.~50 
delta_p113_p116 1 -> p113 1  0 @10.~50 
delta_p113_p116 1 -> p116 0 1 @10.~50 


(*Nous sommes dans le cas 3 Param*)

(*inibition*)
p113 1 -> p114 2 1 @10.0~50 


(*Nous sommes dans le cas 3 Param*)

(*inibition*)
p113 1 -> p114 1 0 @5.0~50 


(*Nous sommes dans le cas 3 Param*)

(*activation*)
p113 2 -> p114 0 1 @3.3333335~50 


(*Nous sommes dans le cas 3 Param*)

(*inibition*)
p113 1 -> p114 1 0 @2.5~50 


(*Nous sommes dans le cas 3 Param*)

(*activation*)
p113 2 -> p114 0 1 @1.25~50 


(*Nous sommes dans le cas 3 Param*)

(*activation*)
p113 2 -> p114 0 1 @1.25~50 


initial_state p0 1, p1 1, p2 0, p3 0, p4 0, p5 0, p6 0, p7 0, p8 0, p9 0, p10 0, p11 1, p12 0, p13 0, p14 0, p15 0, p16 0, p17 0, p18 0, p19 0, p20 0, p21 0, p22 0, p23 0, p24 0, p25 0, p26 0, p27 0, p28 0, p29 0, p30 0, p31 0, p32 0, p33 0, p34 0, p35 0, p36 0, p37 0, p38 0, p39 0, p40 0, p41 0, p42 0, p43 0, p44 0, p45 0, p46 0, p47 0, p48 0, p49 0, p50 0, p51 0, p52 0, p53 0, p54 0, p55 0, p56 0, p57 0, p58 0, p59 0, p60 0, p61 0, p62 0, p63 0, p64 0, p65 0, p66 0, p67 0, p68 0, p69 0, p70 0, p71 0, p72 0, p73 0, p74 0, p75 0, p76 0, p77 0, p78 0, p79 0, p80 0, p81 1, p82 0, p83 0, p84 0, p85 0, p86 0, p87 0, p88 0, p89 0, p90 0, p91 0, p92 0, p93 0, p94 0, p95 1, p96 0, p97 0, p98 0, p99 0, p100 0, p101 0, p102 0, p103 0, p104 0, p105 0, p106 0, p107 0, p108 0, p109 0, p110 0, p111 0, p112 0, p113 0, p114 2, p115 0, p116 0, p117 2, p118 0
